<?xml version="1.0" encoding="UTF-8"?>
<testsuite name="st.stqa.pft.sandbox.PrimeTests" tests="2" skipped="0" failures="0" errors="0" timestamp="2019-11-13T05:15:53" hostname="Admin-PC" time="0.024">
  <properties/>
  <testcase name="testNonPrimes" classname="st.stqa.pft.sandbox.PrimeTests" time="0.018"/>
  <testcase name="testPrimes" classname="st.stqa.pft.sandbox.PrimeTests" time="0.002"/>
  <system-out><![CDATA[]]></system-out>
  <system-err><![CDATA[]]></system-err>
</testsuite>
