<?xml version="1.0" encoding="UTF-8"?>
<testsuite name="st.stqa.pft.sandbox.EquationTests" tests="6" skipped="0" failures="0" errors="0" timestamp="2019-11-05T16:25:30" hostname="Admin-PC" time="0.043">
  <properties/>
  <testcase name="Linear" classname="st.stqa.pft.sandbox.EquationTests" time="0.018"/>
  <testcase name="TestZero" classname="st.stqa.pft.sandbox.EquationTests" time="0.001"/>
  <testcase name="test0" classname="st.stqa.pft.sandbox.EquationTests" time="0.0"/>
  <testcase name="test1" classname="st.stqa.pft.sandbox.EquationTests" time="0.003"/>
  <testcase name="test2" classname="st.stqa.pft.sandbox.EquationTests" time="0.006"/>
  <testcase name="testConstant" classname="st.stqa.pft.sandbox.EquationTests" time="0.0"/>
  <system-out><![CDATA[]]></system-out>
  <system-err><![CDATA[]]></system-err>
</testsuite>
