<?xml version="1.0" encoding="UTF-8"?>
<testsuite name="ru.stqa.pft.addressbook.GroupCreationTests" tests="1" skipped="0" failures="0" errors="0" timestamp="2019-10-26T12:32:52" hostname="Admin-PC" time="5.515">
  <properties/>
  <testcase name="testGroupCreation" classname="ru.stqa.pft.addressbook.GroupCreationTests" time="5.515"/>
  <system-out><![CDATA[]]></system-out>
  <system-err><![CDATA[1572093139176	mozrunner::runner	INFO	Running command: "C:\\Program Files\\Mozilla Firefox\\firefox.exe" "-marionette" "-foreground" "-no-remote" "-profile" "C:\\Users\\Admin\\AppData\\Local\\Temp\\rust_mozprofileV96H5k"
1572093146335	addons.webextension.screenshots@mozilla.org	WARN	Loading extension 'screenshots@mozilla.org': Reading manifest: Invalid extension permission: mozillaAddons
1572093146335	addons.webextension.screenshots@mozilla.org	WARN	Loading extension 'screenshots@mozilla.org': Reading manifest: Invalid extension permission: telemetry
1572093146336	addons.webextension.screenshots@mozilla.org	WARN	Loading extension 'screenshots@mozilla.org': Reading manifest: Invalid extension permission: resource://pdf.js/
1572093146337	addons.webextension.screenshots@mozilla.org	WARN	Loading extension 'screenshots@mozilla.org': Reading manifest: Invalid extension permission: about:reader*
JavaScript error: resource://gre/modules/XULStore.jsm, line 66: Error: Can't find profile directory.
1572093160072	Marionette	INFO	Listening on port 15593
1572093160538	Marionette	WARN	TLS certificate errors will be ignored for this session
1572093161292	addons.xpi-utils	WARN	Failed to save XPI database: {"operation":"rename","path":"C:\\Users\\Admin\\AppData\\Local\\Temp\\rust_mozprofileV96H5k\\extensions.json","winLastError":183}
1572093161864	addons.xpi-utils	WARN	Failed to save XPI database: {"operation":"rename","path":"C:\\Users\\Admin\\AppData\\Local\\Temp\\rust_mozprofileV96H5k\\extensions.json","winLastError":183}
окт 26, 2019 7:32:41 PM org.openqa.selenium.remote.ProtocolHandshake createSession
INFO: Detected dialect: W3C
1572093178026	Marionette	INFO	Stopped listening on port 15593
[Ch[Parent 19088, Gecko_IOThread] WARNING: file z:/task_1571244707/build/src/ipc/chromium/src/base/process_util_win.cc, line 160
ild 8436, Chrome_ChildThread] WARNING: pipe error: 109: file z:/task_1571244707/build/src/ipc/chromium/src/chrome/common/ipc_channel_win.cc, line 341
[Child 8436, Chrome_ChildThread] WARNING: pipe error: 109: file z:/task_1571244707/build/src/ipc/chromium/src/chrome/common/ipc_channel_win.cc, line 341
[Parent 19088, Gecko_IOThread] WARNING: pipe error: 109: file z:/task_1571244707/build/src/ipc/chromium/src/chrome/common/ipc_channel_win.cc, line 341
[Child 11680, Chrome_ChildThread] WARNING: pipe error: 109: file z:/task_1571244707/build/src/ipc/chromium/src/chrome/common/ipc_channel_win.cc, line 341
1572093182633	addons.xpi-utils	WARN	Error: XPI database modified after shutdown began(resource://gre/modules/addons/XPIDatabase.jsm:1478:17) JS Stack trace: saveChanges@XPIDatabase.jsm:1478:17
shutdown@XPIDatabase.jsm:1754:14
shutdown@XPIProvider.jsm:2626:23
_startProvider/AMProviderShutdown/<@AddonManager.jsm:671:29
AMProviderShutdown@AddonManager.jsm:669:16
trigger@AsyncShutdown.jsm:725:23
_wait@AsyncShutdown.jsm:877:15
wait@AsyncShutdown.jsm:858:34
shutdownManager@AddonManager.jsm:1136:37
observe@AsyncShutdown.jsm:551:16

###!!! [Child][MessageChannel::SendAndWait] Error: Channel error: cannot send/recv

]]></system-err>
</testsuite>
