<?xml version="1.0" encoding="UTF-8"?>
<testsuite name="ru.stqa.pft.addressbook.tests.GroupDeletionTests" tests="1" skipped="0" failures="0" errors="0" timestamp="2019-11-17T13:00:14" hostname="Admin-PC" time="7.205">
  <properties/>
  <testcase name="testGroupDeletion" classname="ru.stqa.pft.addressbook.tests.GroupDeletionTests" time="7.205"/>
  <system-out><![CDATA[]]></system-out>
  <system-err><![CDATA[1573995565830	mozrunner::runner	INFO	Running command: "C:\\Program Files\\Mozilla Firefox\\firefox.exe" "-marionette" "-foreground" "-no-remote" "-profile" "C:\\Users\\Admin\\AppData\\Local\\Temp\\rust_mozprofileAmr335"
1573995569090	addons.webextension.screenshots@mozilla.org	WARN	Loading extension 'screenshots@mozilla.org': Reading manifest: Invalid extension permission: mozillaAddons
1573995569090	addons.webextension.screenshots@mozilla.org	WARN	Loading extension 'screenshots@mozilla.org': Reading manifest: Invalid extension permission: telemetry
1573995569092	addons.webextension.screenshots@mozilla.org	WARN	Loading extension 'screenshots@mozilla.org': Reading manifest: Invalid extension permission: resource://pdf.js/
1573995569092	addons.webextension.screenshots@mozilla.org	WARN	Loading extension 'screenshots@mozilla.org': Reading manifest: Invalid extension permission: about:reader*
1573995596515	Marionette	INFO	Listening on port 13672
1573995597055	Marionette	WARN	TLS certificate errors will be ignored for this session
1573995599001	addons.xpi-utils	WARN	Failed to save XPI database: {"operation":"rename","path":"C:\\Users\\Admin\\AppData\\Local\\Temp\\rust_mozprofileAmr335\\extensions.json","winLastError":183}
ноя 17, 2019 8:00:00 PM org.openqa.selenium.remote.ProtocolHandshake createSession
INFO: Detected dialect: W3C
1573995621804	Marionette	INFO	Stopped listening on port 13672
[Parent 2332, Gecko_IOThread] WARNING: file z:/task_1572401533/build/src/ipc/chromium/src/base/process_util_win.cc, line 160
[Parent 2332, Gecko_IOThread] WARNING: pipe error: 109: file z:/task_1572401533/build/src/ipc/chromium/src/chrome/common/ipc_channel_win.cc, line 341
1573995628041	addons.xpi-utils	WARN	Error: XPI database modified after shutdown began(resource://gre/modules/addons/XPIDatabase.jsm:1478:17) JS Stack trace: saveChanges@XPIDatabase.jsm:1478:17
shutdown@XPIDatabase.jsm:1754:14
shutdown@XPIProvider.jsm:2626:23
_startProvider/AMProviderShutdown/<@AddonManager.jsm:671:29
AMProviderShutdown@AddonManager.jsm:669:16
trigger@AsyncShutdown.jsm:725:23
_wait@AsyncShutdown.jsm:877:15
wait@AsyncShutdown.jsm:858:34
shutdownManager@AddonManager.jsm:1136:37
observe@AsyncShutdown.jsm:551:16
JavaScript error: resource://gre/modules/AsyncShutdown.jsm, line 551: uncaught exception: Object
JavaScript error: resource://gre/modules/UpdateTimerManager.jsm, line 350: TypeError: setting getter-only property "gLogEnabled"
JavaScript error: resource://gre/modules/ModulesPing.jsm, line 66: NS_ERROR_XPC_JAVASCRIPT_ERROR_WITH_DETAILS: [JavaScript Error: "setting getter-only property "gLogEnabled"" {file: "resource://gre/modules/UpdateTimerManager.jsm" line: 350}]'[JavaScript Error: "setting getter-only property "gLogEnabled"" {file: "resource://gre/modules/UpdateTimerManager.jsm" line: 350}]' when calling method: [nsIUpdateTimerManager::registerTimer]
console.error: (new Error("SessionFile is closed", "resource:///modules/sessionstore/SessionFile.jsm", 433))

###!!! [Child][RunMessage] Error: Channel closing: too late to send/recv, messages will be lost

A content process crashed and MOZ_CRASHREPORTER_SHUTDOWN is set, shutting down
]]></system-err>
</testsuite>
