<?xml version="1.0" encoding="UTF-8"?>
<testsuite name="ru.stqa.pft.addressbook.GroupCreationTests" tests="1" skipped="0" failures="0" errors="0" timestamp="2019-10-26T12:21:11" hostname="Admin-PC" time="16.881">
  <properties/>
  <testcase name="testGroupCreation" classname="ru.stqa.pft.addressbook.GroupCreationTests" time="16.881"/>
  <system-out><![CDATA[]]></system-out>
  <system-err><![CDATA[1572092426708	mozrunner::runner	INFO	Running command: "C:\\Program Files\\Mozilla Firefox\\firefox.exe" "-marionette" "-foreground" "-no-remote" "-profile" "C:\\Users\\Admin\\AppData\\Local\\Temp\\rust_mozprofileMMLgNO"
1572092432924	addons.webextension.screenshots@mozilla.org	WARN	Loading extension 'screenshots@mozilla.org': Reading manifest: Invalid extension permission: mozillaAddons
1572092432925	addons.webextension.screenshots@mozilla.org	WARN	Loading extension 'screenshots@mozilla.org': Reading manifest: Invalid extension permission: telemetry
1572092432926	addons.webextension.screenshots@mozilla.org	WARN	Loading extension 'screenshots@mozilla.org': Reading manifest: Invalid extension permission: resource://pdf.js/
1572092432927	addons.webextension.screenshots@mozilla.org	WARN	Loading extension 'screenshots@mozilla.org': Reading manifest: Invalid extension permission: about:reader*
JavaScript error: resource://gre/modules/XULStore.jsm, line 66: Error: Can't find profile directory.
[Child 16536, Chrome_ChildThread] WARNING: pipe error: 109: file z:/task_1571244707/build/src/ipc/chromium/src/chrome/common/ipc_channel_win.cc, line 341
[Child 16536, Chrome_ChildThread] WARNING: pipe error: 109: file z:/task_1571244707/build/src/ipc/chromium/src/chrome/common/ipc_channel_win.cc, line 341
console.error: "Could not write session state file " (new Error("_initWorker called too early! Please read the session file from disk first.", "resource:///modules/sessionstore/SessionFile.jsm", 375)) "_initWorker/<@resource:///modules/sessionstore/SessionFile.jsm:375:15\n_initWorker@resource:///modules/sessionstore/SessionFile.jsm:368:12\n_postToWorker@resource:///modules/sessionstore/SessionFile.jsm:410:16\nwrite@resource:///modules/sessionstore/SessionFile.jsm:448:24\nwrite@resource:///modules/sessionstore/SessionFile.jsm:75:32\n_writeState@resource:///modules/sessionstore/SessionSaver.jsm:360:24\n_saveState@resource:///modules/sessionstore/SessionSaver.jsm:294:17\n_saveStateAsync@resource:///modules/sessionstore/SessionSaver.jsm:344:10\nsaveStateAsyncWhenIdle@resource:///modules/sessionstore/SessionSaver.jsm:191:14\ncallback@resource://gre/modules/Timer.jsm:125:16\n"
1572092467606	Marionette	INFO	Listening on port 15124
1572092468353	Marionette	WARN	TLS certificate errors will be ignored for this session
окт 26, 2019 7:21:10 PM org.openqa.selenium.remote.ProtocolHandshake createSession
INFO: Detected dialect: W3C
1572092480711	Marionette	WARN	TimedPromise timed out after 500 ms: stacktrace:
bail@chrome://marionette/content/sync.js:237:64
1572092488614	Marionette	INFO	Stopped listening on port 15124
[Child 19252, Chrome_ChildThread] WARNING: pipe error: 109: file z:/task_1571244707/build/src/ipc/chromium/src/chrome/common/ipc_channel_win.cc, line 341
[Child 19252, Chrome_ChildThread] WARNING: pipe error: 109: file z:/task_1571244707/build/src/ipc/chromium/src/chrome/common/ipc_channel_win.cc, line 341
[Child 1060, Chrome_ChildThread] WARNING: pipe error: 109: file z:/task_1571244707/build/src/ipc/chromium/src/chrome/common/ipc_channel_win.cc, line 341
[Child 1060, Chrome_ChildThread] WARNING: pipe error: 109: file z:/task_1571244707/build/src/ipc/chromium/src/chrome/common/ipc_channel_win.cc, line 341
[Parent 16500, Gecko_IOThread] WARNING: pipe error: 109: file z:/task_1571244707/build/src/ipc/chromium/src/chrome/common/ipc_channel_win.cc, line 341

###!!! [Child][RunMessage] Error: Channel closing: too late to send/recv, messages will be lost

[GPU 10184, Chrome_ChildThread] WARNING: pipe error: 109: file z:/task_1571244707/build/src/ipc/chromium/src/chrome/common/ipc_channel_win.cc, line 341
]]></system-err>
</testsuite>
